Traceback (most recent call last):
  File "C:\xampp\htdocs\PSDs\.venv\Lib\site-packages\jupyter_core\utils\__init__.py", line 154, in wrapped
    asyncio.get_running_loop()
RuntimeError: no running event loop

During handling of the above exception, another exception occurred:

Traceback (most recent call last):
  File "C:\xampp\htdocs\PSDs\.venv\Lib\site-packages\jupyter_cache\executors\utils.py", line 58, in single_nb_execution
    executenb(
  File "C:\xampp\htdocs\PSDs\.venv\Lib\site-packages\nbclient\client.py", line 1319, in execute
    return NotebookClient(nb=nb, resources=resources, km=km, **kwargs).execute()
           ^^^^^^^^^^^^^^^^^^^^^^^^^^^^^^^^^^^^^^^^^^^^^^^^^^^^^^^^^^^^^^^^^^^^^
  File "C:\xampp\htdocs\PSDs\.venv\Lib\site-packages\jupyter_core\utils\__init__.py", line 158, in wrapped
    return loop.run_until_complete(inner)
           ^^^^^^^^^^^^^^^^^^^^^^^^^^^^^^
  File "C:\Users\ASUS MTR\AppData\Local\Programs\Python\Python311\Lib\asyncio\base_events.py", line 653, in run_until_complete
    return future.result()
           ^^^^^^^^^^^^^^^
  File "C:\xampp\htdocs\PSDs\.venv\Lib\site-packages\nbclient\client.py", line 709, in async_execute
    await self.async_execute_cell(
  File "C:\xampp\htdocs\PSDs\.venv\Lib\site-packages\nbclient\client.py", line 1062, in async_execute_cell
    await self._check_raise_for_error(cell, cell_index, exec_reply)
  File "C:\xampp\htdocs\PSDs\.venv\Lib\site-packages\nbclient\client.py", line 918, in _check_raise_for_error
    raise CellExecutionError.from_cell_and_msg(cell, exec_reply_content)
nbclient.exceptions.CellExecutionError: An error occurred while executing the following cell:
------------------
import pandas as pd
import matplotlib.pyplot as plt
from sklearn.decomposition import PCA
from sklearn.preprocessing import LabelEncoder, StandardScaler
from sqlalchemy import create_engine
from imblearn.over_sampling import SMOTE
import numpy as np
from sklearn.naive_bayes import GaussianNB
from sklearn.ensemble import RandomForestClassifier, BaggingClassifier
from sklearn.model_selection import train_test_split
from sklearn.metrics import classification_report, confusion_matrix, accuracy_score
import seaborn as sns

# === KONEKSI KE MYSQL ===
engine = create_engine("mysql+pymysql://root:@localhost/ecoli")

# === AMBIL DATA ===
df = pd.read_sql("SELECT * FROM ecoli", engine)
print(df.head())

# === PISAHKAN FITUR DAN LABEL ===
X = df[["feature1","feature2","feature3","feature4","feature5","feature6","feature7"]].values
y_raw = df["class_label"].values

# encode label
le = LabelEncoder()
y = le.fit_transform(y_raw)
target_names = le.classes_

# Standarisasi fitur
scaler = StandardScaler()
X = scaler.fit_transform(X)

# === Distribusi kelas sebelum balancing ===
unique, counts = np.unique(y, return_counts=True)
dist_before = dict(zip(le.classes_, counts))
print("Distribusi kelas sebelum balancing:", dist_before)

plt.figure(figsize=(8,5))
plt.bar(dist_before.keys(), dist_before.values(), color="skyblue")
for i, val in enumerate(dist_before.values()):
    plt.text(i, val+2, str(val), ha='center')
plt.title("Distribusi Kelas Sebelum Balancing")
plt.xlabel("Kelas")
plt.ylabel("Jumlah Data")
plt.show()

# === PCA DATA ASLI ===
pca = PCA(n_components=2)
X_r = pca.fit(X).transform(X)

plt.figure(figsize=(7,5))
colors = ["navy","turquoise","darkorange","green","red","purple","brown","gray"]
for color, i, target_name in zip(colors, range(len(target_names)), target_names):
    plt.scatter(X_r[y == i, 0], X_r[y == i, 1], color=color, alpha=0.8, label=target_name)
plt.legend(loc="best")
plt.title("PCA of Original Ecoli dataset")
plt.show()

# === SMOTE untuk penyeimbangan data ===
smote = SMOTE(random_state=42, k_neighbors=1)
X_res, y_res = smote.fit_resample(X, y)

# Distribusi kelas sesudah balancing
unique_res, counts_res = np.unique(y_res, return_counts=True)
dist_after = dict(zip(le.inverse_transform(unique_res), counts_res))
print("Distribusi kelas sesudah balancing:", dist_after)

plt.figure(figsize=(8,5))
plt.bar(dist_after.keys(), dist_after.values(), color="lightgreen")
for i, val in enumerate(dist_after.values()):
    plt.text(i, val+2, str(val), ha='center')
plt.title("Distribusi Kelas Sesudah Balancing (SMOTE)")
plt.xlabel("Kelas")
plt.ylabel("Jumlah Data")
plt.show()

# === PCA DATA BALANCED ===
X_r_bal = pca.fit(X_res).transform(X_res)
is_synthetic = np.array([False]*len(y) + [True]*(len(X_res)-len(y)))

plt.figure(figsize=(7,5))
for color, i, target_name in zip(colors, range(len(target_names)), target_names):
    plt.scatter(
        X_r_bal[(y_res == i) & (is_synthetic == False), 0],
        X_r_bal[(y_res == i) & (is_synthetic == False), 1],
        color=color, alpha=0.6, label=f"{target_name} (original)"
    )
    plt.scatter(
        X_r_bal[(y_res == i) & (is_synthetic == True), 0],
        X_r_bal[(y_res == i) & (is_synthetic == True), 1],
        color=color, alpha=0.6, marker="x", label=f"{target_name} (synthetic)"
    )
plt.legend(loc="best", fontsize=8)
plt.title("PCA of Balanced Ecoli dataset (SMOTE)")
plt.show()

# === Fungsi evaluasi model ===
def evaluate_model(name, model, X_train, X_test, y_train, y_test):
    model.fit(X_train, y_train)
    y_pred = model.predict(X_test)
    print(f"\n=== Evaluasi {name} ===")
    print("Akurasi:", accuracy_score(y_test, y_pred))
    print(classification_report(y_test, y_pred, target_names=target_names, zero_division=0))
    
    plt.figure(figsize=(7,5))
    sns.heatmap(confusion_matrix(y_test, y_pred), annot=True, fmt="d",
                xticklabels=target_names, yticklabels=target_names, cmap="coolwarm")
    plt.title(f"Confusion Matrix {name}")
    plt.xlabel("Predicted")
    plt.ylabel("Actual")
    plt.show()

# === KLASIFIKASI SEBELUM BALANCING ===
X_train, X_test, y_train, y_test = train_test_split(X, y, test_size=0.3, random_state=42, stratify=y)

evaluate_model("Naive Bayes (Sebelum Balancing)", GaussianNB(), X_train, X_test, y_train, y_test)
evaluate_model("Random Forest (Sebelum Balancing)", RandomForestClassifier(random_state=42, n_estimators=100), X_train, X_test, y_train, y_test)
evaluate_model("Bagging (Sebelum Balancing)", BaggingClassifier(random_state=42, n_estimators=100), X_train, X_test, y_train, y_test)

# === KLASIFIKASI SESUDAH BALANCING ===
X_train_res, X_test_res, y_train_res, y_test_res = train_test_split(X_res, y_res, test_size=0.3, random_state=42, stratify=y_res)

evaluate_model("Naive Bayes (Sesudah Balancing)", GaussianNB(), X_train_res, X_test_res, y_train_res, y_test_res)
evaluate_model("Random Forest (Sesudah Balancing)", RandomForestClassifier(random_state=42, n_estimators=100), X_train_res, X_test_res, y_train_res, y_test_res)
evaluate_model("Bagging (Sesudah Balancing)", BaggingClassifier(random_state=42, n_estimators=100), X_train_res, X_test_res, y_train_res, y_test_res)

------------------


[31m---------------------------------------------------------------------------[39m
[31mConnectionRefusedError[39m                    Traceback (most recent call last)
[36mFile [39m[32mC:\xampp\htdocs\PSDs\.venv\Lib\site-packages\pymysql\connections.py:661[39m, in [36mConnection.connect[39m[34m(self, sock)[39m
[32m    660[39m [38;5;28;01mtry[39;00m:
[32m--> [39m[32m661[39m     sock = [43msocket[49m[43m.[49m[43mcreate_connection[49m[43m([49m
[32m    662[39m [43m        [49m[43m([49m[38;5;28;43mself[39;49m[43m.[49m[43mhost[49m[43m,[49m[43m [49m[38;5;28;43mself[39;49m[43m.[49m[43mport[49m[43m)[49m[43m,[49m[43m [49m[38;5;28;43mself[39;49m[43m.[49m[43mconnect_timeout[49m[43m,[49m[43m [49m[43m*[49m[43m*[49m[43mkwargs[49m
[32m    663[39m [43m    [49m[43m)[49m
[32m    664[39m     [38;5;28;01mbreak[39;00m

[36mFile [39m[32m~\AppData\Local\Programs\Python\Python311\Lib\socket.py:851[39m, in [36mcreate_connection[39m[34m(address, timeout, source_address, all_errors)[39m
[32m    850[39m [38;5;28;01mif[39;00m [38;5;129;01mnot[39;00m all_errors:
[32m--> [39m[32m851[39m     [38;5;28;01mraise[39;00m exceptions[[32m0[39m]
[32m    852[39m [38;5;28;01mraise[39;00m ExceptionGroup([33m"[39m[33mcreate_connection failed[39m[33m"[39m, exceptions)

[36mFile [39m[32m~\AppData\Local\Programs\Python\Python311\Lib\socket.py:836[39m, in [36mcreate_connection[39m[34m(address, timeout, source_address, all_errors)[39m
[32m    835[39m     sock.bind(source_address)
[32m--> [39m[32m836[39m [43msock[49m[43m.[49m[43mconnect[49m[43m([49m[43msa[49m[43m)[49m
[32m    837[39m [38;5;66;03m# Break explicitly a reference cycle[39;00m

[31mConnectionRefusedError[39m: [WinError 10061] No connection could be made because the target machine actively refused it

During handling of the above exception, another exception occurred:

[31mOperationalError[39m                          Traceback (most recent call last)
[36mFile [39m[32mC:\xampp\htdocs\PSDs\.venv\Lib\site-packages\sqlalchemy\engine\base.py:143[39m, in [36mConnection.__init__[39m[34m(self, engine, connection, _has_events, _allow_revalidate, _allow_autobegin)[39m
[32m    142[39m [38;5;28;01mtry[39;00m:
[32m--> [39m[32m143[39m     [38;5;28mself[39m._dbapi_connection = [43mengine[49m[43m.[49m[43mraw_connection[49m[43m([49m[43m)[49m
[32m    144[39m [38;5;28;01mexcept[39;00m dialect.loaded_dbapi.Error [38;5;28;01mas[39;00m err:

[36mFile [39m[32mC:\xampp\htdocs\PSDs\.venv\Lib\site-packages\sqlalchemy\engine\base.py:3301[39m, in [36mEngine.raw_connection[39m[34m(self)[39m
[32m   3280[39m [38;5;250m[39m[33;03m"""Return a "raw" DBAPI connection from the connection pool.[39;00m
[32m   3281[39m 
[32m   3282[39m [33;03mThe returned object is a proxied version of the DBAPI[39;00m
[32m   (...)[39m[32m   3299[39m 
[32m   3300[39m [33;03m"""[39;00m
[32m-> [39m[32m3301[39m [38;5;28;01mreturn[39;00m [38;5;28;43mself[39;49m[43m.[49m[43mpool[49m[43m.[49m[43mconnect[49m[43m([49m[43m)[49m

[36mFile [39m[32mC:\xampp\htdocs\PSDs\.venv\Lib\site-packages\sqlalchemy\pool\base.py:447[39m, in [36mPool.connect[39m[34m(self)[39m
[32m    440[39m [38;5;250m[39m[33;03m"""Return a DBAPI connection from the pool.[39;00m
[32m    441[39m 
[32m    442[39m [33;03mThe connection is instrumented such that when its[39;00m
[32m   (...)[39m[32m    445[39m 
[32m    446[39m [33;03m"""[39;00m
[32m--> [39m[32m447[39m [38;5;28;01mreturn[39;00m [43m_ConnectionFairy[49m[43m.[49m[43m_checkout[49m[43m([49m[38;5;28;43mself[39;49m[43m)[49m

[36mFile [39m[32mC:\xampp\htdocs\PSDs\.venv\Lib\site-packages\sqlalchemy\pool\base.py:1264[39m, in [36m_ConnectionFairy._checkout[39m[34m(cls, pool, threadconns, fairy)[39m
[32m   1263[39m [38;5;28;01mif[39;00m [38;5;129;01mnot[39;00m fairy:
[32m-> [39m[32m1264[39m     fairy = [43m_ConnectionRecord[49m[43m.[49m[43mcheckout[49m[43m([49m[43mpool[49m[43m)[49m
[32m   1266[39m     [38;5;28;01mif[39;00m threadconns [38;5;129;01mis[39;00m [38;5;129;01mnot[39;00m [38;5;28;01mNone[39;00m:

[36mFile [39m[32mC:\xampp\htdocs\PSDs\.venv\Lib\site-packages\sqlalchemy\pool\base.py:711[39m, in [36m_ConnectionRecord.checkout[39m[34m(cls, pool)[39m
[32m    710[39m [38;5;28;01melse[39;00m:
[32m--> [39m[32m711[39m     rec = [43mpool[49m[43m.[49m[43m_do_get[49m[43m([49m[43m)[49m
[32m    713[39m [38;5;28;01mtry[39;00m:

[36mFile [39m[32mC:\xampp\htdocs\PSDs\.venv\Lib\site-packages\sqlalchemy\pool\impl.py:177[39m, in [36mQueuePool._do_get[39m[34m(self)[39m
[32m    176[39m [38;5;28;01mexcept[39;00m:
[32m--> [39m[32m177[39m [43m    [49m[38;5;28;43;01mwith[39;49;00m[43m [49m[43mutil[49m[43m.[49m[43msafe_reraise[49m[43m([49m[43m)[49m[43m:[49m
[32m    178[39m [43m        [49m[38;5;28;43mself[39;49m[43m.[49m[43m_dec_overflow[49m[43m([49m[43m)[49m

[36mFile [39m[32mC:\xampp\htdocs\PSDs\.venv\Lib\site-packages\sqlalchemy\util\langhelpers.py:224[39m, in [36msafe_reraise.__exit__[39m[34m(self, type_, value, traceback)[39m
[32m    223[39m     [38;5;28mself[39m._exc_info = [38;5;28;01mNone[39;00m  [38;5;66;03m# remove potential circular references[39;00m
[32m--> [39m[32m224[39m     [38;5;28;01mraise[39;00m exc_value.with_traceback(exc_tb)
[32m    225[39m [38;5;28;01melse[39;00m:

[36mFile [39m[32mC:\xampp\htdocs\PSDs\.venv\Lib\site-packages\sqlalchemy\pool\impl.py:175[39m, in [36mQueuePool._do_get[39m[34m(self)[39m
[32m    174[39m [38;5;28;01mtry[39;00m:
[32m--> [39m[32m175[39m     [38;5;28;01mreturn[39;00m [38;5;28;43mself[39;49m[43m.[49m[43m_create_connection[49m[43m([49m[43m)[49m
[32m    176[39m [38;5;28;01mexcept[39;00m:

[36mFile [39m[32mC:\xampp\htdocs\PSDs\.venv\Lib\site-packages\sqlalchemy\pool\base.py:388[39m, in [36mPool._create_connection[39m[34m(self)[39m
[32m    386[39m [38;5;250m[39m[33;03m"""Called by subclasses to create a new ConnectionRecord."""[39;00m
[32m--> [39m[32m388[39m [38;5;28;01mreturn[39;00m [43m_ConnectionRecord[49m[43m([49m[38;5;28;43mself[39;49m[43m)[49m

[36mFile [39m[32mC:\xampp\htdocs\PSDs\.venv\Lib\site-packages\sqlalchemy\pool\base.py:673[39m, in [36m_ConnectionRecord.__init__[39m[34m(self, pool, connect)[39m
[32m    672[39m [38;5;28;01mif[39;00m connect:
[32m--> [39m[32m673[39m     [38;5;28;43mself[39;49m[43m.[49m[43m__connect[49m[43m([49m[43m)[49m
[32m    674[39m [38;5;28mself[39m.finalize_callback = deque()

[36mFile [39m[32mC:\xampp\htdocs\PSDs\.venv\Lib\site-packages\sqlalchemy\pool\base.py:899[39m, in [36m_ConnectionRecord.__connect[39m[34m(self)[39m
[32m    898[39m [38;5;28;01mexcept[39;00m [38;5;167;01mBaseException[39;00m [38;5;28;01mas[39;00m e:
[32m--> [39m[32m899[39m [43m    [49m[38;5;28;43;01mwith[39;49;00m[43m [49m[43mutil[49m[43m.[49m[43msafe_reraise[49m[43m([49m[43m)[49m[43m:[49m
[32m    900[39m [43m        [49m[43mpool[49m[43m.[49m[43mlogger[49m[43m.[49m[43mdebug[49m[43m([49m[33;43m"[39;49m[33;43mError on connect(): [39;49m[38;5;132;43;01m%s[39;49;00m[33;43m"[39;49m[43m,[49m[43m [49m[43me[49m[43m)[49m

[36mFile [39m[32mC:\xampp\htdocs\PSDs\.venv\Lib\site-packages\sqlalchemy\util\langhelpers.py:224[39m, in [36msafe_reraise.__exit__[39m[34m(self, type_, value, traceback)[39m
[32m    223[39m     [38;5;28mself[39m._exc_info = [38;5;28;01mNone[39;00m  [38;5;66;03m# remove potential circular references[39;00m
[32m--> [39m[32m224[39m     [38;5;28;01mraise[39;00m exc_value.with_traceback(exc_tb)
[32m    225[39m [38;5;28;01melse[39;00m:

[36mFile [39m[32mC:\xampp\htdocs\PSDs\.venv\Lib\site-packages\sqlalchemy\pool\base.py:895[39m, in [36m_ConnectionRecord.__connect[39m[34m(self)[39m
[32m    894[39m [38;5;28mself[39m.starttime = time.time()
[32m--> [39m[32m895[39m [38;5;28mself[39m.dbapi_connection = connection = [43mpool[49m[43m.[49m[43m_invoke_creator[49m[43m([49m[38;5;28;43mself[39;49m[43m)[49m
[32m    896[39m pool.logger.debug([33m"[39m[33mCreated new connection [39m[38;5;132;01m%r[39;00m[33m"[39m, connection)

[36mFile [39m[32mC:\xampp\htdocs\PSDs\.venv\Lib\site-packages\sqlalchemy\engine\create.py:661[39m, in [36mcreate_engine.<locals>.connect[39m[34m(connection_record)[39m
[32m    659[39m             [38;5;28;01mreturn[39;00m connection
[32m--> [39m[32m661[39m [38;5;28;01mreturn[39;00m [43mdialect[49m[43m.[49m[43mconnect[49m[43m([49m[43m*[49m[43mcargs[49m[43m,[49m[43m [49m[43m*[49m[43m*[49m[43mcparams[49m[43m)[49m

[36mFile [39m[32mC:\xampp\htdocs\PSDs\.venv\Lib\site-packages\sqlalchemy\engine\default.py:629[39m, in [36mDefaultDialect.connect[39m[34m(self, *cargs, **cparams)[39m
[32m    627[39m [38;5;28;01mdef[39;00m[38;5;250m [39m[34mconnect[39m([38;5;28mself[39m, *cargs: Any, **cparams: Any) -> DBAPIConnection:
[32m    628[39m     [38;5;66;03m# inherits the docstring from interfaces.Dialect.connect[39;00m
[32m--> [39m[32m629[39m     [38;5;28;01mreturn[39;00m [38;5;28;43mself[39;49m[43m.[49m[43mloaded_dbapi[49m[43m.[49m[43mconnect[49m[43m([49m[43m*[49m[43mcargs[49m[43m,[49m[43m [49m[43m*[49m[43m*[49m[43mcparams[49m[43m)[49m

[36mFile [39m[32mC:\xampp\htdocs\PSDs\.venv\Lib\site-packages\pymysql\connections.py:365[39m, in [36mConnection.__init__[39m[34m(self, user, password, host, database, unix_socket, port, charset, collation, sql_mode, read_default_file, conv, use_unicode, client_flag, cursorclass, init_command, connect_timeout, read_default_group, autocommit, local_infile, max_allowed_packet, defer_connect, auth_plugin_map, read_timeout, write_timeout, bind_address, binary_prefix, program_name, server_public_key, ssl, ssl_ca, ssl_cert, ssl_disabled, ssl_key, ssl_key_password, ssl_verify_cert, ssl_verify_identity, compress, named_pipe, passwd, db)[39m
[32m    364[39m [38;5;28;01melse[39;00m:
[32m--> [39m[32m365[39m     [38;5;28;43mself[39;49m[43m.[49m[43mconnect[49m[43m([49m[43m)[49m

[36mFile [39m[32mC:\xampp\htdocs\PSDs\.venv\Lib\site-packages\pymysql\connections.py:723[39m, in [36mConnection.connect[39m[34m(self, sock)[39m
[32m    722[39m         [38;5;28mprint[39m(exc.traceback)
[32m--> [39m[32m723[39m     [38;5;28;01mraise[39;00m exc
[32m    725[39m [38;5;66;03m# If e is neither DatabaseError or IOError, It's a bug.[39;00m
[32m    726[39m [38;5;66;03m# But raising AssertionError hides original error.[39;00m
[32m    727[39m [38;5;66;03m# So just reraise it.[39;00m

[31mOperationalError[39m: (2003, "Can't connect to MySQL server on 'localhost' ([WinError 10061] No connection could be made because the target machine actively refused it)")

The above exception was the direct cause of the following exception:

[31mOperationalError[39m                          Traceback (most recent call last)
[36mCell[39m[36m [39m[32mIn[1][39m[32m, line 18[39m
[32m     15[39m engine = create_engine([33m"[39m[33mmysql+pymysql://root:@localhost/ecoli[39m[33m"[39m)
[32m     17[39m [38;5;66;03m# === AMBIL DATA ===[39;00m
[32m---> [39m[32m18[39m df = [43mpd[49m[43m.[49m[43mread_sql[49m[43m([49m[33;43m"[39;49m[33;43mSELECT * FROM ecoli[39;49m[33;43m"[39;49m[43m,[49m[43m [49m[43mengine[49m[43m)[49m
[32m     19[39m [38;5;28mprint[39m(df.head())
[32m     21[39m [38;5;66;03m# === PISAHKAN FITUR DAN LABEL ===[39;00m

[36mFile [39m[32mC:\xampp\htdocs\PSDs\.venv\Lib\site-packages\pandas\io\sql.py:652[39m, in [36mread_sql[39m[34m(sql, con, index_col, coerce_float, params, parse_dates, columns, chunksize, dtype_backend, dtype)[39m
[32m    649[39m     dtype_backend = [33m"[39m[33mnumpy[39m[33m"[39m  [38;5;66;03m# type: ignore[assignment][39;00m
[32m    650[39m [38;5;28;01massert[39;00m dtype_backend [38;5;129;01mis[39;00m [38;5;129;01mnot[39;00m lib.no_default
[32m--> [39m[32m652[39m [38;5;28;01mwith[39;00m [43mpandasSQL_builder[49m[43m([49m[43mcon[49m[43m)[49m [38;5;28;01mas[39;00m pandas_sql:
[32m    653[39m     [38;5;28;01mif[39;00m [38;5;28misinstance[39m(pandas_sql, SQLiteDatabase):
[32m    654[39m         [38;5;28;01mreturn[39;00m pandas_sql.read_query(
[32m    655[39m             sql,
[32m    656[39m             index_col=index_col,
[32m   (...)[39m[32m    662[39m             dtype=dtype,
[32m    663[39m         )

[36mFile [39m[32mC:\xampp\htdocs\PSDs\.venv\Lib\site-packages\pandas\io\sql.py:851[39m, in [36mpandasSQL_builder[39m[34m(con, schema, need_transaction)[39m
[32m    848[39m     [38;5;28;01mraise[39;00m [38;5;167;01mImportError[39;00m([33m"[39m[33mUsing URI string without sqlalchemy installed.[39m[33m"[39m)
[32m    850[39m [38;5;28;01mif[39;00m sqlalchemy [38;5;129;01mis[39;00m [38;5;129;01mnot[39;00m [38;5;28;01mNone[39;00m [38;5;129;01mand[39;00m [38;5;28misinstance[39m(con, ([38;5;28mstr[39m, sqlalchemy.engine.Connectable)):
[32m--> [39m[32m851[39m     [38;5;28;01mreturn[39;00m [43mSQLDatabase[49m[43m([49m[43mcon[49m[43m,[49m[43m [49m[43mschema[49m[43m,[49m[43m [49m[43mneed_transaction[49m[43m)[49m
[32m    853[39m warnings.warn(
[32m    854[39m     [33m"[39m[33mpandas only supports SQLAlchemy connectable (engine/connection) or [39m[33m"[39m
[32m    855[39m     [33m"[39m[33mdatabase string URI or sqlite3 DBAPI2 connection. Other DBAPI2 [39m[33m"[39m
[32m   (...)[39m[32m    858[39m     stacklevel=find_stack_level(),
[32m    859[39m )
[32m    860[39m [38;5;28;01mreturn[39;00m SQLiteDatabase(con)

[36mFile [39m[32mC:\xampp\htdocs\PSDs\.venv\Lib\site-packages\pandas\io\sql.py:1576[39m, in [36mSQLDatabase.__init__[39m[34m(self, con, schema, need_transaction)[39m
[32m   1574[39m     [38;5;28mself[39m.exit_stack.callback(con.dispose)
[32m   1575[39m [38;5;28;01mif[39;00m [38;5;28misinstance[39m(con, Engine):
[32m-> [39m[32m1576[39m     con = [38;5;28mself[39m.exit_stack.enter_context([43mcon[49m[43m.[49m[43mconnect[49m[43m([49m[43m)[49m)
[32m   1577[39m [38;5;28;01mif[39;00m need_transaction [38;5;129;01mand[39;00m [38;5;129;01mnot[39;00m con.in_transaction():
[32m   1578[39m     [38;5;28mself[39m.exit_stack.enter_context(con.begin())

[36mFile [39m[32mC:\xampp\htdocs\PSDs\.venv\Lib\site-packages\sqlalchemy\engine\base.py:3277[39m, in [36mEngine.connect[39m[34m(self)[39m
[32m   3254[39m [38;5;28;01mdef[39;00m[38;5;250m [39m[34mconnect[39m([38;5;28mself[39m) -> Connection:
[32m   3255[39m [38;5;250m    [39m[33;03m"""Return a new :class:`_engine.Connection` object.[39;00m
[32m   3256[39m 
[32m   3257[39m [33;03m    The :class:`_engine.Connection` acts as a Python context manager, so[39;00m
[32m   (...)[39m[32m   3274[39m 
[32m   3275[39m [33;03m    """[39;00m
[32m-> [39m[32m3277[39m     [38;5;28;01mreturn[39;00m [38;5;28;43mself[39;49m[43m.[49m[43m_connection_cls[49m[43m([49m[38;5;28;43mself[39;49m[43m)[49m

[36mFile [39m[32mC:\xampp\htdocs\PSDs\.venv\Lib\site-packages\sqlalchemy\engine\base.py:145[39m, in [36mConnection.__init__[39m[34m(self, engine, connection, _has_events, _allow_revalidate, _allow_autobegin)[39m
[32m    143[39m         [38;5;28mself[39m._dbapi_connection = engine.raw_connection()
[32m    144[39m     [38;5;28;01mexcept[39;00m dialect.loaded_dbapi.Error [38;5;28;01mas[39;00m err:
[32m--> [39m[32m145[39m         [43mConnection[49m[43m.[49m[43m_handle_dbapi_exception_noconnection[49m[43m([49m
[32m    146[39m [43m            [49m[43merr[49m[43m,[49m[43m [49m[43mdialect[49m[43m,[49m[43m [49m[43mengine[49m
[32m    147[39m [43m        [49m[43m)[49m
[32m    148[39m         [38;5;28;01mraise[39;00m
[32m    149[39m [38;5;28;01melse[39;00m:

[36mFile [39m[32mC:\xampp\htdocs\PSDs\.venv\Lib\site-packages\sqlalchemy\engine\base.py:2440[39m, in [36mConnection._handle_dbapi_exception_noconnection[39m[34m(cls, e, dialect, engine, is_disconnect, invalidate_pool_on_disconnect, is_pre_ping)[39m
[32m   2438[39m [38;5;28;01melif[39;00m should_wrap:
[32m   2439[39m     [38;5;28;01massert[39;00m sqlalchemy_exception [38;5;129;01mis[39;00m [38;5;129;01mnot[39;00m [38;5;28;01mNone[39;00m
[32m-> [39m[32m2440[39m     [38;5;28;01mraise[39;00m sqlalchemy_exception.with_traceback(exc_info[[32m2[39m]) [38;5;28;01mfrom[39;00m[38;5;250m [39m[34;01me[39;00m
[32m   2441[39m [38;5;28;01melse[39;00m:
[32m   2442[39m     [38;5;28;01massert[39;00m exc_info[[32m1[39m] [38;5;129;01mis[39;00m [38;5;129;01mnot[39;00m [38;5;28;01mNone[39;00m

[36mFile [39m[32mC:\xampp\htdocs\PSDs\.venv\Lib\site-packages\sqlalchemy\engine\base.py:143[39m, in [36mConnection.__init__[39m[34m(self, engine, connection, _has_events, _allow_revalidate, _allow_autobegin)[39m
[32m    141[39m [38;5;28;01mif[39;00m connection [38;5;129;01mis[39;00m [38;5;28;01mNone[39;00m:
[32m    142[39m     [38;5;28;01mtry[39;00m:
[32m--> [39m[32m143[39m         [38;5;28mself[39m._dbapi_connection = [43mengine[49m[43m.[49m[43mraw_connection[49m[43m([49m[43m)[49m
[32m    144[39m     [38;5;28;01mexcept[39;00m dialect.loaded_dbapi.Error [38;5;28;01mas[39;00m err:
[32m    145[39m         Connection._handle_dbapi_exception_noconnection(
[32m    146[39m             err, dialect, engine
[32m    147[39m         )

[36mFile [39m[32mC:\xampp\htdocs\PSDs\.venv\Lib\site-packages\sqlalchemy\engine\base.py:3301[39m, in [36mEngine.raw_connection[39m[34m(self)[39m
[32m   3279[39m [38;5;28;01mdef[39;00m[38;5;250m [39m[34mraw_connection[39m([38;5;28mself[39m) -> PoolProxiedConnection:
[32m   3280[39m [38;5;250m    [39m[33;03m"""Return a "raw" DBAPI connection from the connection pool.[39;00m
[32m   3281[39m 
[32m   3282[39m [33;03m    The returned object is a proxied version of the DBAPI[39;00m
[32m   (...)[39m[32m   3299[39m 
[32m   3300[39m [33;03m    """[39;00m
[32m-> [39m[32m3301[39m     [38;5;28;01mreturn[39;00m [38;5;28;43mself[39;49m[43m.[49m[43mpool[49m[43m.[49m[43mconnect[49m[43m([49m[43m)[49m

[36mFile [39m[32mC:\xampp\htdocs\PSDs\.venv\Lib\site-packages\sqlalchemy\pool\base.py:447[39m, in [36mPool.connect[39m[34m(self)[39m
[32m    439[39m [38;5;28;01mdef[39;00m[38;5;250m [39m[34mconnect[39m([38;5;28mself[39m) -> PoolProxiedConnection:
[32m    440[39m [38;5;250m    [39m[33;03m"""Return a DBAPI connection from the pool.[39;00m
[32m    441[39m 
[32m    442[39m [33;03m    The connection is instrumented such that when its[39;00m
[32m   (...)[39m[32m    445[39m 
[32m    446[39m [33;03m    """[39;00m
[32m--> [39m[32m447[39m     [38;5;28;01mreturn[39;00m [43m_ConnectionFairy[49m[43m.[49m[43m_checkout[49m[43m([49m[38;5;28;43mself[39;49m[43m)[49m

[36mFile [39m[32mC:\xampp\htdocs\PSDs\.venv\Lib\site-packages\sqlalchemy\pool\base.py:1264[39m, in [36m_ConnectionFairy._checkout[39m[34m(cls, pool, threadconns, fairy)[39m
[32m   1256[39m [38;5;129m@classmethod[39m
[32m   1257[39m [38;5;28;01mdef[39;00m[38;5;250m [39m[34m_checkout[39m(
[32m   1258[39m     [38;5;28mcls[39m,
[32m   (...)[39m[32m   1261[39m     fairy: Optional[_ConnectionFairy] = [38;5;28;01mNone[39;00m,
[32m   1262[39m ) -> _ConnectionFairy:
[32m   1263[39m     [38;5;28;01mif[39;00m [38;5;129;01mnot[39;00m fairy:
[32m-> [39m[32m1264[39m         fairy = [43m_ConnectionRecord[49m[43m.[49m[43mcheckout[49m[43m([49m[43mpool[49m[43m)[49m
[32m   1266[39m         [38;5;28;01mif[39;00m threadconns [38;5;129;01mis[39;00m [38;5;129;01mnot[39;00m [38;5;28;01mNone[39;00m:
[32m   1267[39m             threadconns.current = weakref.ref(fairy)

[36mFile [39m[32mC:\xampp\htdocs\PSDs\.venv\Lib\site-packages\sqlalchemy\pool\base.py:711[39m, in [36m_ConnectionRecord.checkout[39m[34m(cls, pool)[39m
[32m    709[39m     rec = cast(_ConnectionRecord, pool._do_get())
[32m    710[39m [38;5;28;01melse[39;00m:
[32m--> [39m[32m711[39m     rec = [43mpool[49m[43m.[49m[43m_do_get[49m[43m([49m[43m)[49m
[32m    713[39m [38;5;28;01mtry[39;00m:
[32m    714[39m     dbapi_connection = rec.get_connection()

[36mFile [39m[32mC:\xampp\htdocs\PSDs\.venv\Lib\site-packages\sqlalchemy\pool\impl.py:177[39m, in [36mQueuePool._do_get[39m[34m(self)[39m
[32m    175[39m     [38;5;28;01mreturn[39;00m [38;5;28mself[39m._create_connection()
[32m    176[39m [38;5;28;01mexcept[39;00m:
[32m--> [39m[32m177[39m [43m    [49m[38;5;28;43;01mwith[39;49;00m[43m [49m[43mutil[49m[43m.[49m[43msafe_reraise[49m[43m([49m[43m)[49m[43m:[49m
[32m    178[39m [43m        [49m[38;5;28;43mself[39;49m[43m.[49m[43m_dec_overflow[49m[43m([49m[43m)[49m
[32m    179[39m     [38;5;28;01mraise[39;00m

[36mFile [39m[32mC:\xampp\htdocs\PSDs\.venv\Lib\site-packages\sqlalchemy\util\langhelpers.py:224[39m, in [36msafe_reraise.__exit__[39m[34m(self, type_, value, traceback)[39m
[32m    222[39m     [38;5;28;01massert[39;00m exc_value [38;5;129;01mis[39;00m [38;5;129;01mnot[39;00m [38;5;28;01mNone[39;00m
[32m    223[39m     [38;5;28mself[39m._exc_info = [38;5;28;01mNone[39;00m  [38;5;66;03m# remove potential circular references[39;00m
[32m--> [39m[32m224[39m     [38;5;28;01mraise[39;00m exc_value.with_traceback(exc_tb)
[32m    225[39m [38;5;28;01melse[39;00m:
[32m    226[39m     [38;5;28mself[39m._exc_info = [38;5;28;01mNone[39;00m  [38;5;66;03m# remove potential circular references[39;00m

[36mFile [39m[32mC:\xampp\htdocs\PSDs\.venv\Lib\site-packages\sqlalchemy\pool\impl.py:175[39m, in [36mQueuePool._do_get[39m[34m(self)[39m
[32m    173[39m [38;5;28;01mif[39;00m [38;5;28mself[39m._inc_overflow():
[32m    174[39m     [38;5;28;01mtry[39;00m:
[32m--> [39m[32m175[39m         [38;5;28;01mreturn[39;00m [38;5;28;43mself[39;49m[43m.[49m[43m_create_connection[49m[43m([49m[43m)[49m
[32m    176[39m     [38;5;28;01mexcept[39;00m:
[32m    177[39m         [38;5;28;01mwith[39;00m util.safe_reraise():

[36mFile [39m[32mC:\xampp\htdocs\PSDs\.venv\Lib\site-packages\sqlalchemy\pool\base.py:388[39m, in [36mPool._create_connection[39m[34m(self)[39m
[32m    385[39m [38;5;28;01mdef[39;00m[38;5;250m [39m[34m_create_connection[39m([38;5;28mself[39m) -> ConnectionPoolEntry:
[32m    386[39m [38;5;250m    [39m[33;03m"""Called by subclasses to create a new ConnectionRecord."""[39;00m
[32m--> [39m[32m388[39m     [38;5;28;01mreturn[39;00m [43m_ConnectionRecord[49m[43m([49m[38;5;28;43mself[39;49m[43m)[49m

[36mFile [39m[32mC:\xampp\htdocs\PSDs\.venv\Lib\site-packages\sqlalchemy\pool\base.py:673[39m, in [36m_ConnectionRecord.__init__[39m[34m(self, pool, connect)[39m
[32m    671[39m [38;5;28mself[39m.__pool = pool
[32m    672[39m [38;5;28;01mif[39;00m connect:
[32m--> [39m[32m673[39m     [38;5;28;43mself[39;49m[43m.[49m[43m__connect[49m[43m([49m[43m)[49m
[32m    674[39m [38;5;28mself[39m.finalize_callback = deque()

[36mFile [39m[32mC:\xampp\htdocs\PSDs\.venv\Lib\site-packages\sqlalchemy\pool\base.py:899[39m, in [36m_ConnectionRecord.__connect[39m[34m(self)[39m
[32m    897[39m     [38;5;28mself[39m.fresh = [38;5;28;01mTrue[39;00m
[32m    898[39m [38;5;28;01mexcept[39;00m [38;5;167;01mBaseException[39;00m [38;5;28;01mas[39;00m e:
[32m--> [39m[32m899[39m [43m    [49m[38;5;28;43;01mwith[39;49;00m[43m [49m[43mutil[49m[43m.[49m[43msafe_reraise[49m[43m([49m[43m)[49m[43m:[49m
[32m    900[39m [43m        [49m[43mpool[49m[43m.[49m[43mlogger[49m[43m.[49m[43mdebug[49m[43m([49m[33;43m"[39;49m[33;43mError on connect(): [39;49m[38;5;132;43;01m%s[39;49;00m[33;43m"[39;49m[43m,[49m[43m [49m[43me[49m[43m)[49m
[32m    901[39m [38;5;28;01melse[39;00m:
[32m    902[39m     [38;5;66;03m# in SQLAlchemy 1.4 the first_connect event is not used by[39;00m
[32m    903[39m     [38;5;66;03m# the engine, so this will usually not be set[39;00m

[36mFile [39m[32mC:\xampp\htdocs\PSDs\.venv\Lib\site-packages\sqlalchemy\util\langhelpers.py:224[39m, in [36msafe_reraise.__exit__[39m[34m(self, type_, value, traceback)[39m
[32m    222[39m     [38;5;28;01massert[39;00m exc_value [38;5;129;01mis[39;00m [38;5;129;01mnot[39;00m [38;5;28;01mNone[39;00m
[32m    223[39m     [38;5;28mself[39m._exc_info = [38;5;28;01mNone[39;00m  [38;5;66;03m# remove potential circular references[39;00m
[32m--> [39m[32m224[39m     [38;5;28;01mraise[39;00m exc_value.with_traceback(exc_tb)
[32m    225[39m [38;5;28;01melse[39;00m:
[32m    226[39m     [38;5;28mself[39m._exc_info = [38;5;28;01mNone[39;00m  [38;5;66;03m# remove potential circular references[39;00m

[36mFile [39m[32mC:\xampp\htdocs\PSDs\.venv\Lib\site-packages\sqlalchemy\pool\base.py:895[39m, in [36m_ConnectionRecord.__connect[39m[34m(self)[39m
[32m    893[39m [38;5;28;01mtry[39;00m:
[32m    894[39m     [38;5;28mself[39m.starttime = time.time()
[32m--> [39m[32m895[39m     [38;5;28mself[39m.dbapi_connection = connection = [43mpool[49m[43m.[49m[43m_invoke_creator[49m[43m([49m[38;5;28;43mself[39;49m[43m)[49m
[32m    896[39m     pool.logger.debug([33m"[39m[33mCreated new connection [39m[38;5;132;01m%r[39;00m[33m"[39m, connection)
[32m    897[39m     [38;5;28mself[39m.fresh = [38;5;28;01mTrue[39;00m

[36mFile [39m[32mC:\xampp\htdocs\PSDs\.venv\Lib\site-packages\sqlalchemy\engine\create.py:661[39m, in [36mcreate_engine.<locals>.connect[39m[34m(connection_record)[39m
[32m    658[39m         [38;5;28;01mif[39;00m connection [38;5;129;01mis[39;00m [38;5;129;01mnot[39;00m [38;5;28;01mNone[39;00m:
[32m    659[39m             [38;5;28;01mreturn[39;00m connection
[32m--> [39m[32m661[39m [38;5;28;01mreturn[39;00m [43mdialect[49m[43m.[49m[43mconnect[49m[43m([49m[43m*[49m[43mcargs[49m[43m,[49m[43m [49m[43m*[49m[43m*[49m[43mcparams[49m[43m)[49m

[36mFile [39m[32mC:\xampp\htdocs\PSDs\.venv\Lib\site-packages\sqlalchemy\engine\default.py:629[39m, in [36mDefaultDialect.connect[39m[34m(self, *cargs, **cparams)[39m
[32m    627[39m [38;5;28;01mdef[39;00m[38;5;250m [39m[34mconnect[39m([38;5;28mself[39m, *cargs: Any, **cparams: Any) -> DBAPIConnection:
[32m    628[39m     [38;5;66;03m# inherits the docstring from interfaces.Dialect.connect[39;00m
[32m--> [39m[32m629[39m     [38;5;28;01mreturn[39;00m [38;5;28;43mself[39;49m[43m.[49m[43mloaded_dbapi[49m[43m.[49m[43mconnect[49m[43m([49m[43m*[49m[43mcargs[49m[43m,[49m[43m [49m[43m*[49m[43m*[49m[43mcparams[49m[43m)[49m

[36mFile [39m[32mC:\xampp\htdocs\PSDs\.venv\Lib\site-packages\pymysql\connections.py:365[39m, in [36mConnection.__init__[39m[34m(self, user, password, host, database, unix_socket, port, charset, collation, sql_mode, read_default_file, conv, use_unicode, client_flag, cursorclass, init_command, connect_timeout, read_default_group, autocommit, local_infile, max_allowed_packet, defer_connect, auth_plugin_map, read_timeout, write_timeout, bind_address, binary_prefix, program_name, server_public_key, ssl, ssl_ca, ssl_cert, ssl_disabled, ssl_key, ssl_key_password, ssl_verify_cert, ssl_verify_identity, compress, named_pipe, passwd, db)[39m
[32m    363[39m     [38;5;28mself[39m._sock = [38;5;28;01mNone[39;00m
[32m    364[39m [38;5;28;01melse[39;00m:
[32m--> [39m[32m365[39m     [38;5;28;43mself[39;49m[43m.[49m[43mconnect[49m[43m([49m[43m)[49m

[36mFile [39m[32mC:\xampp\htdocs\PSDs\.venv\Lib\site-packages\pymysql\connections.py:723[39m, in [36mConnection.connect[39m[34m(self, sock)[39m
[32m    721[39m     [38;5;28;01mif[39;00m DEBUG:
[32m    722[39m         [38;5;28mprint[39m(exc.traceback)
[32m--> [39m[32m723[39m     [38;5;28;01mraise[39;00m exc
[32m    725[39m [38;5;66;03m# If e is neither DatabaseError or IOError, It's a bug.[39;00m
[32m    726[39m [38;5;66;03m# But raising AssertionError hides original error.[39;00m
[32m    727[39m [38;5;66;03m# So just reraise it.[39;00m
[32m    728[39m [38;5;28;01mraise[39;00m

[31mOperationalError[39m: (pymysql.err.OperationalError) (2003, "Can't connect to MySQL server on 'localhost' ([WinError 10061] No connection could be made because the target machine actively refused it)")
(Background on this error at: https://sqlalche.me/e/20/e3q8)

